<?xml version="1.0" encoding="UTF-8"?>
<!-- Generated by org.testng.reporters.JUnitReportReporter -->
<testsuite hostname="DESKTOP-4TEFN8L" failures="0" tests="4" name="Restassured.HTTPSrequests" time="13.851" errors="0" timestamp="2023-04-26T21:10:20 SAST" skipped="0">
  <testcase classname="Restassured.HTTPSrequests" name="getUser" time="8.468"/>
  <system-out/>
  <testcase classname="Restassured.HTTPSrequests" name="createUser" time="2.429"/>
  <system-out/>
  <testcase classname="Restassured.HTTPSrequests" name="updateUser" time="0.879"/>
  <system-out/>
  <testcase classname="Restassured.HTTPSrequests" name="deleteUser" time="2.075"/>
  <system-out/>
</testsuite> <!-- Restassured.HTTPSrequests -->
