<?xml version="1.0" encoding="UTF-8"?>
<!-- Generated by org.testng.reporters.JUnitReportReporter -->
<testsuite hostname="DESKTOP-4TEFN8L" failures="0" tests="1" name="Restassured.MyApi" time="5.424" errors="0" timestamp="2023-04-28T07:31:42 SAST" skipped="0">
  <testcase classname="Restassured.MyApi" name="delet" time="5.424"/>
  <system-out/>
</testsuite> <!-- Restassured.MyApi -->
