<?xml version="1.0" encoding="UTF-8"?>
<!-- Generated by org.testng.reporters.JUnitReportReporter -->
<testsuite hostname="DESKTOP-4TEFN8L" failures="0" tests="2" name="Restassured.HTTPSrequests" time="8.065" errors="0" timestamp="2023-04-26T11:29:42 SAST" skipped="0">
  <testcase classname="Restassured.HTTPSrequests" name="createUser" time="7.345"/>
  <system-out/>
  <testcase classname="Restassured.HTTPSrequests" name="updateUser" time="0.720"/>
  <system-out/>
</testsuite> <!-- Restassured.HTTPSrequests -->
