<?xml version="1.0" encoding="UTF-8"?>
<!-- Generated by org.testng.reporters.JUnitReportReporter -->
<testsuite hostname="DESKTOP-4TEFN8L" failures="0" tests="1" name="Entrance.Main" time="24.420" errors="0" timestamp="2022-08-02T14:54:13 SAST" skipped="0">
  <testcase classname="Entrance.Main" name="career" time="24.420"/>
  <system-out/>
</testsuite> <!-- Entrance.Main -->
