<?xml version="1.0" encoding="UTF-8"?>
<!-- Generated by org.testng.reporters.JUnitReportReporter -->
<testsuite hostname="DESKTOP-4TEFN8L" failures="0" tests="1" name="Entrance.Main" time="8.637" errors="0" timestamp="2022-07-13T13:04:41 SAST" skipped="0">
  <testcase classname="Entrance.Main" name="start" time="8.637"/>
  <system-out/>
</testsuite> <!-- Entrance.Main -->
