<?xml version="1.0" encoding="UTF-8"?>
<!-- Generated by org.testng.reporters.JUnitReportReporter -->
<testsuite hostname="DESKTOP-4TEFN8L" failures="0" tests="2" name="Entrance.Main" time="22.983" errors="0" timestamp="2022-07-15T11:52:16 SAST" skipped="0">
  <testcase classname="Entrance.Main" name="career" time="15.675"/>
  <system-out/>
  <testcase classname="Entrance.Main" name="apply" time="7.308"/>
  <system-out/>
</testsuite> <!-- Entrance.Main -->
